lab4/MySocialApp/app/build/intermediates/manifest_merge_blame_file/debug/manifest-merger-blame-debug-report.txt
1<?xml version="1.0" encoding="utf-8"?>
2<manifest xmlns:android="http://schemas.android.com/apk/res/android"
3    package="com.hasibullah.mysocialapp"
4    android:versionCode="1"
5    android:versionName="1.0" >
6
7    <uses-sdk
7-->src\main\AndroidManifest.xml:6:5-8:41
8        android:minSdkVersion="16"
8-->src\main\AndroidManifest.xml:7:9-35
9        android:targetSdkVersion="29" />
9-->src\main\AndroidManifest.xml:8:9-38
10    xmlns:android="http://schemas.android.com/apk/res/android">
11    <uses-permission android:name="android.permission.CAMERA" />
11-->src\main\AndroidManifest.xml:10:5-65
11-->src\main\AndroidManifest.xml:10:22-62
12    -
13    <application
13-->src\main\AndroidManifest.xml:14:5-43:19
14        android:allowBackup="true"
14-->src\main\AndroidManifest.xml:15:9-35
15        android:appComponentFactory="androidx.core.app.CoreComponentFactory"
15-->src\main\AndroidManifest.xml:16:9-77
16        android:debuggable="true"
16-->src\main\AndroidManifest.xml:17:9-34
17        android:icon="@mipmap/ic_launcher"
17-->src\main\AndroidManifest.xml:18:9-43
18        android:label="@string/app_name"
18-->src\main\AndroidManifest.xml:19:9-41
19        android:roundIcon="@mipmap/ic_launcher_round"
19-->src\main\AndroidManifest.xml:20:9-54
20        android:supportsRtl="true"
20-->src\main\AndroidManifest.xml:21:9-35
21        android:testOnly="true"
21-->src\main\AndroidManifest.xml:22:9-32
22        android:theme="@style/AppTheme" >
22-->src\main\AndroidManifest.xml:23:9-40
23        <activity android:name="com.hasibullah.mysocialapp.PostActivity" />
23-->src\main\AndroidManifest.xml:25:9-76
23-->src\main\AndroidManifest.xml:25:19-73
24        -
25        <activity android:name="com.hasibullah.mysocialapp.MainActivity" >
25-->src\main\AndroidManifest.xml:29:9-41:20
25-->src\main\AndroidManifest.xml:29:19-73
26            -
27            <intent-filter>
27-->src\main\AndroidManifest.xml:33:13-39:29
28                <action android:name="android.intent.action.MAIN" />
28-->src\main\AndroidManifest.xml:35:17-69
28-->src\main\AndroidManifest.xml:35:25-66
29
30                <category android:name="android.intent.category.LAUNCHER" />
30-->src\main\AndroidManifest.xml:37:17-77
30-->src\main\AndroidManifest.xml:37:27-74
31            </intent-filter>
32        </activity>
33    </application>
34
35</manifest>